2020-01-16 09:50:50,707 p=9892 u=student |  ERROR! Syntax Error while loading YAML.
  mapping values are not allowed in this context

The error appears to have been in '/home/student/troubleshoot-playbook/samba.yml': line 8, column 30, but may
be elsewhere in the file depending on the exact syntax problem.

The offending line appears to be:

    install_state: installed
    random_var: This is colon: test
                             ^ here

2020-01-16 09:58:00,639 p=9967 u=student |  ERROR! Syntax Error while loading YAML.
  mapping values are not allowed in this context

The error appears to have been in '/home/student/troubleshoot-playbook/samba.yml': line 8, column 30, but may
be elsewhere in the file depending on the exact syntax problem.

The offending line appears to be:

    install_state: installed
    random_var: This is colon: test
                             ^ here

2020-01-16 10:01:16,791 p=10059 u=student |  ERROR! Syntax Error while loading YAML.
  did not find expected key

The error appears to have been in '/home/student/troubleshoot-playbook/samba.yml': line 44, column 4, but may
be elsewhere in the file depending on the exact syntax problem.

The offending line appears to be:


   - name: deliver samba config
   ^ here

2020-01-16 10:08:04,903 p=10115 u=student |  ERROR! Syntax Error while loading YAML.
  mapping values are not allowed in this context

The error appears to have been in '/home/student/troubleshoot-playbook/samba.yml': line 45, column 14, but may
be elsewhere in the file depending on the exact syntax problem.

The offending line appears to be:

  - name: deliver samba config
     template:
             ^ here

2020-01-16 10:08:08,802 p=10129 u=student |  ERROR! Syntax Error while loading YAML.
  mapping values are not allowed in this context

The error appears to have been in '/home/student/troubleshoot-playbook/samba.yml': line 45, column 14, but may
be elsewhere in the file depending on the exact syntax problem.

The offending line appears to be:

  - name: deliver samba config
     template:
             ^ here

2020-01-16 10:11:49,747 p=10178 u=student |  ERROR! Syntax Error while loading YAML.
  found unacceptable key (unhashable type: 'AnsibleMapping')

The error appears to have been in '/home/student/troubleshoot-playbook/samba.yml': line 14, column 15, but may
be elsewhere in the file depending on the exact syntax problem.

The offending line appears to be:

      name: samba
      state: {{ install_state }}
              ^ here
We could be wrong, but this one looks like it might be an issue with
missing quotes.  Always quote template expression brackets when they
start a value. For instance:

    with_items:
      - {{ foo }}

Should be written as:

    with_items:
      - "{{ foo }}"

